<?xml version="1.0" encoding="UTF-8"?>
<!-- Generated by org.testng.reporters.JUnitReportReporter -->
<testsuite skipped="0" hostname="DESKTOP-CG5HG66" name="com.citibank.qa.testcase.TestCase" tests="13" failures="0" timestamp="05 Dec 2019 04:24:22 GMT" time="238.060" errors="0">
  <testcase name="searchingText" time="21.561" classname="com.citibank.qa.testcase.TestCase"/>
  <testcase name="titleValidation" time="16.249" classname="com.citibank.qa.testcase.TestCase"/>
  <testcase name="validationSearchText" time="15.737" classname="com.citibank.qa.testcase.TestCase"/>
  <testcase name="citiLogoValidation" time="18.771" classname="com.citibank.qa.testcase.TestCase"/>
  <testcase name="rememberUidLabel" time="14.994" classname="com.citibank.qa.testcase.TestCase"/>
  <testcase name="signInBtnDisplayed" time="17.441" classname="com.citibank.qa.testcase.TestCase"/>
  <testcase name="creditCardMessageValidated" time="18.222" classname="com.citibank.qa.testcase.TestCase"/>
  <testcase name="creditCardLink" time="17.987" classname="com.citibank.qa.testcase.TestCase"/>
  <testcase name="atmBranch" time="17.044" classname="com.citibank.qa.testcase.TestCase"/>
  <testcase name="lendingLink" time="18.872" classname="com.citibank.qa.testcase.TestCase"/>
  <testcase name="personalLoan" time="19.692" classname="com.citibank.qa.testcase.TestCase"/>
  <testcase name="mortgageLink" time="18.605" classname="com.citibank.qa.testcase.TestCase"/>
  <testcase name="homeEquity" time="22.885" classname="com.citibank.qa.testcase.TestCase"/>
</testsuite> <!-- com.citibank.qa.testcase.TestCase -->
